#
# An unexpected error has been detected by HotSpot Virtual Machine:
#
#  EXCEPTION_ACCESS_VIOLATION (0xc0000005) at pc=0x6d0b1fac, pid=4140, tid=4536
#
# Java VM: Java HotSpot(TM) Client VM (1.5.0_07-b03 mixed mode)
# Problematic frame:
# C  [awt.dll+0xb1fac]
#

---------------  T H R E A D  ---------------

Current thread (0x0e57e740):  JavaThread "AWT-EventQueue-0" [_thread_in_native, id=4536]

siginfo: ExceptionCode=0xc0000005, reading address 0x00000400

Registers:
EAX=0x00000400, EBX=0x0f50f498, ECX=0x00000100, EDX=0x00000000
ESP=0x0f50efc4, EBP=0x0ed54108, ESI=0x00000400, EDI=0x0f50f018
EIP=0x6d0b1fac, EFLAGS=0x00090246

Top of Stack: (sp=0x0f50efc4)
0x0f50efc4:   0e57e800 6d11c698 fffffe51 0ec37e90
0x0f50efd4:   0000000f 92010e54 000001af 0000000f
0x0f50efe4:   00000001 00000008 00000001 00000028
0x0f50eff4:   00000008 fffffff1 00080001 00000000
0x0f50f004:   00000000 00000000 00000000 00000000
0x0f50f014:   00000000 00050000 00071250 0f50f010
0x0f50f024:   01630000 0f50f254 7c93e920 7c940228
0x0f50f034:   ffffffff 7c940222 7c94019b 7c9401db 

Instructions: (pc=0x6d0b1fac)
0x6d0b1f9c:   76 03 00 b9 00 01 00 00 8b f0 8d 7c 24 54 33 d2
0x6d0b1fac:   f3 a5 8b 7c 24 24 8b 74 24 28 eb 15 8b 4d 58 8b 


Stack: [0x0f490000,0x0f510000),  sp=0x0f50efc4,  free space=507k
Native frames: (J=compiled Java code, j=interpreted, Vv=VM code, C=native code)
C  [awt.dll+0xb1fac]

Java frames: (J=compiled Java code, j=interpreted, Vv=VM code)
j  sun.java2d.loops.MaskBlit.MaskBlit(Lsun/java2d/SurfaceData;Lsun/java2d/SurfaceData;Ljava/awt/Composite;Lsun/java2d/pipe/Region;IIIIII[BII)V+0
j  sun.java2d.loops.MaskBlit$General.MaskBlit(Lsun/java2d/SurfaceData;Lsun/java2d/SurfaceData;Ljava/awt/Composite;Lsun/java2d/pipe/Region;IIIIII[BII)V+214
J  sun.java2d.loops.Blit$GeneralMaskBlit.Blit(Lsun/java2d/SurfaceData;Lsun/java2d/SurfaceData;Ljava/awt/Composite;Lsun/java2d/pipe/Region;IIIIII)V
J  sun.java2d.pipe.DrawImage.blitSurfaceData(Lsun/java2d/SunGraphics2D;Lsun/java2d/pipe/Region;Lsun/java2d/SurfaceData;Lsun/java2d/SurfaceData;Lsun/java2d/loops/SurfaceType;Lsun/java2d/loops/SurfaceType;IIIIIILjava/awt/Color;)V
J  sun.java2d.pipe.DrawImage.renderImageCopy(Lsun/java2d/SunGraphics2D;Ljava/awt/Image;Ljava/awt/Color;IIIIII)Z
J  sun.java2d.pipe.DrawImage.copyImage(Lsun/java2d/SunGraphics2D;Ljava/awt/Image;IILjava/awt/Color;)Z
J  sun.java2d.pipe.DrawImage.copyImage(Lsun/java2d/SunGraphics2D;Ljava/awt/Image;IILjava/awt/Color;Ljava/awt/image/ImageObserver;)Z
J  sun.java2d.pipe.ValidatePipe.copyImage(Lsun/java2d/SunGraphics2D;Ljava/awt/Image;IILjava/awt/Color;Ljava/awt/image/ImageObserver;)Z
J  sun.java2d.SunGraphics2D.drawImage(Ljava/awt/Image;IILjava/awt/Color;Ljava/awt/image/ImageObserver;)Z
J  sun.java2d.SunGraphics2D.drawImage(Ljava/awt/Image;IILjava/awt/image/ImageObserver;)Z
J  javax.swing.JComponent.paintWithOffscreenBuffer(Ljavax/swing/JComponent;Ljava/awt/Graphics;IIIILjava/awt/Image;)V
J  javax.swing.JComponent.paintDoubleBuffered(Ljavax/swing/JComponent;Ljava/awt/Component;Ljava/awt/Graphics;IIII)Z
J  javax.swing.JComponent._paintImmediately(IIII)V
J  javax.swing.JComponent.paintImmediately(IIII)V
J  javax.swing.RepaintManager.paintDirtyRegions()V
J  javax.swing.SystemEventQueueUtilities$ComponentWorkRequest.run()V
J  java.awt.event.InvocationEvent.dispatch()V
J  java.awt.EventQueue.dispatchEvent(Ljava/awt/AWTEvent;)V
J  java.awt.EventDispatchThread.pumpOneEventForHierarchy(ILjava/awt/Component;)Z
v  ~RuntimeStub::alignment_frame_return Runtime1 stub
j  java.awt.EventDispatchThread.pumpEventsForHierarchy(ILjava/awt/Conditional;Ljava/awt/Component;)V+26
j  java.awt.EventDispatchThread.pumpEvents(ILjava/awt/Conditional;)V+4
j  java.awt.EventDispatchThread.pumpEvents(Ljava/awt/Conditional;)V+3
j  java.awt.EventDispatchThread.run()V+9
v  ~StubRoutines::call_stub

---------------  P R O C E S S  ---------------

Java Threads: ( => current thread )
  0x0ee5f1d0 JavaThread "Thread-30" [_thread_blocked, id=5028]
  0x0ed66610 JavaThread "Thread-29" [_thread_blocked, id=2464]
  0x0ed5b1a0 JavaThread "Thread-28" [_thread_blocked, id=2988]
  0x0ed607f0 JavaThread "Thread-27" [_thread_blocked, id=7080]
  0x0ed36df8 JavaThread "Thread-26" [_thread_blocked, id=3320]
  0x0ed2c750 JavaThread "Thread-25" [_thread_blocked, id=944]
  0x0ed2b810 JavaThread "Thread-24" [_thread_blocked, id=6912]
  0x0ee2aa00 JavaThread "Thread-23" [_thread_blocked, id=8120]
  0x0ec9e500 JavaThread "Thread-22" [_thread_blocked, id=6996]
  0x0ece5b68 JavaThread "Prefs Updater" [_thread_blocked, id=7596]
  0x0ec9cc40 JavaThread "Active Reference Queue Daemon" daemon [_thread_blocked, id=5580]
  0x0ecde948 JavaThread "Timer-2" daemon [_thread_blocked, id=4948]
  0x0ece95b8 JavaThread "Timer-1" daemon [_thread_blocked, id=4880]
  0x0e9340c0 JavaThread "TimerQueue" daemon [_thread_blocked, id=4488]
=>0x0e57e740 JavaThread "AWT-EventQueue-0" [_thread_in_native, id=4536]
  0x0e461c10 JavaThread "AWT-Shutdown" [_thread_blocked, id=4136]
  0x0e49d460 JavaThread "Java2D Disposer" daemon [_thread_blocked, id=4220]
  0x0e5dadb0 JavaThread "Timer-0" [_thread_blocked, id=4240]
  0x0eb6ac68 JavaThread "AWT-Windows" daemon [_thread_in_native, id=4236]
  0x0407d608 JavaThread "Low Memory Detector" daemon [_thread_blocked, id=2600]
  0x0407c3a8 JavaThread "CompilerThread0" daemon [_thread_blocked, id=2364]
  0x0407b788 JavaThread "Signal Dispatcher" daemon [_thread_blocked, id=308]
  0x0406dbe8 JavaThread "Finalizer" daemon [_thread_blocked, id=4188]
  0x0406cf60 JavaThread "Reference Handler" daemon [_thread_blocked, id=3448]
  0x0163d5d8 JavaThread "main" [_thread_in_native, id=5928]

Other Threads:
  0x04068dc0 VMThread [id=4112]
  0x0408a980 WatcherThread [id=2488]

VM state:not at safepoint (normal execution)

VM Mutex/Monitor currently owned by a thread: None

Heap
 def new generation   total 15168K, used 2905K [0x060b0000, 0x07120000, 0x078b0000)
  eden space 13504K,  21% used [0x060b0000, 0x0637a3a0, 0x06de0000)
  from space 1664K,   2% used [0x06f80000, 0x06f8c368, 0x07120000)
  to   space 1664K,   0% used [0x06de0000, 0x06de0000, 0x06f80000)
 tenured generation   total 50228K, used 47970K [0x078b0000, 0x0a9bd000, 0x0c0b0000)
   the space 50228K,  95% used [0x078b0000, 0x0a788ac0, 0x0a788c00, 0x0a9bd000)
 compacting perm gen  total 32768K, used 22710K [0x0c0b0000, 0x0e0b0000, 0x0e0b0000)
   the space 32768K,  69% used [0x0c0b0000, 0x0d6dd938, 0x0d6dda00, 0x0e0b0000)
No shared spaces configured.

Dynamic libraries:
0x00400000 - 0x004ee000 	C:\Program Files\MATLAB\R2007a\bin\win32\MATLAB.exe
0x7c930000 - 0x7c9ce000 	C:\WINDOWS\system32\ntdll.dll
0x7c7d0000 - 0x7c900000 	C:\WINDOWS\system32\kernel32.dll
0x78e80000 - 0x79088000 	C:\Program Files\MATLAB\R2007a\bin\win32\libmwservices.dll
0x77cf0000 - 0x77d80000 	C:\WINDOWS\system32\USER32.dll
0x77e20000 - 0x77e69000 	C:\WINDOWS\system32\GDI32.dll
0x76300000 - 0x76347000 	C:\WINDOWS\system32\comdlg32.dll
0x77f50000 - 0x77ff8000 	C:\WINDOWS\system32\ADVAPI32.dll
0x77d80000 - 0x77e13000 	C:\WINDOWS\system32\RPCRT4.dll
0x77ef0000 - 0x77f01000 	C:\WINDOWS\system32\Secur32.dll
0x5c820000 - 0x5c8ba000 	C:\WINDOWS\system32\COMCTL32.dll
0x7d5a0000 - 0x7dd9d000 	C:\WINDOWS\system32\SHELL32.dll
0x77bc0000 - 0x77c18000 	C:\WINDOWS\system32\msvcrt.dll
0x77e70000 - 0x77ee6000 	C:\WINDOWS\system32\SHLWAPI.dll
0x78530000 - 0x7857c000 	C:\Program Files\MATLAB\R2007a\bin\win32\libmx.dll
0x78200000 - 0x78298000 	C:\Program Files\MATLAB\R2007a\bin\win32\icuuc32.dll
0x10000000 - 0x10006000 	C:\Program Files\MATLAB\R2007a\bin\win32\icudt32.dll
0x78130000 - 0x781cb000 	C:\WINDOWS\WinSxS\x86_Microsoft.VC80.CRT_1fc8b3b9a1e18e3b_8.0.50727.5592_x-ww_179798c8\MSVCR80.dll
0x78460000 - 0x7846e000 	C:\Program Files\MATLAB\R2007a\bin\win32\libz.dll
0x78470000 - 0x7852e000 	C:\Program Files\MATLAB\R2007a\bin\win32\libut.dll
0x002e0000 - 0x00395000 	C:\Program Files\MATLAB\R2007a\bin\win32\icuin32.dll
0x003b0000 - 0x003bc000 	C:\Program Files\MATLAB\R2007a\bin\win32\icuio32.dll
0x7c420000 - 0x7c4a7000 	C:\WINDOWS\WinSxS\x86_Microsoft.VC80.CRT_1fc8b3b9a1e18e3b_8.0.50727.5592_x-ww_179798c8\MSVCP80.dll
0x76c40000 - 0x76c68000 	C:\WINDOWS\system32\imagehlp.dll
0x79730000 - 0x79789000 	C:\Program Files\MATLAB\R2007a\bin\win32\libmwmathutil.dll
0x785b0000 - 0x785c8000 	C:\Program Files\MATLAB\R2007a\bin\win32\mpath.dll
0x605f0000 - 0x60645000 	C:\WINDOWS\system32\NETAPI32.dll
0x719e0000 - 0x719f7000 	C:\WINDOWS\system32\WS2_32.dll
0x719d0000 - 0x719d8000 	C:\WINDOWS\system32\WS2HELP.dll
0x79540000 - 0x79575000 	C:\Program Files\MATLAB\R2007a\bin\win32\mcr.dll
0x76970000 - 0x76aae000 	C:\WINDOWS\system32\ole32.dll
0x78580000 - 0x78590000 	C:\Program Files\MATLAB\R2007a\bin\win32\libmex.dll
0x78750000 - 0x7879d000 	C:\Program Files\MATLAB\R2007a\bin\win32\m_dispatcher.dll
0x782a0000 - 0x7845b000 	C:\Program Files\MATLAB\R2007a\bin\win32\xerces-c_2_6.dll
0x78e60000 - 0x78e7c000 	C:\Program Files\MATLAB\R2007a\bin\win32\datasvcs.dll
0x79290000 - 0x79353000 	C:\Program Files\MATLAB\R2007a\bin\win32\libmwgui.dll
0x786c0000 - 0x78749000 	C:\Program Files\MATLAB\R2007a\bin\win32\udd.dll
0x785d0000 - 0x786b5000 	C:\Program Files\MATLAB\R2007a\bin\win32\mcos.dll
0x787a0000 - 0x78c01000 	C:\Program Files\MATLAB\R2007a\bin\win32\m_interpreter.dll
0x79790000 - 0x79799000 	C:\Program Files\MATLAB\R2007a\bin\win32\libmwmathrng.dll
0x78e20000 - 0x78e31000 	C:\Program Files\MATLAB\R2007a\bin\win32\m_pcodeio.dll
0x00d90000 - 0x00d9a000 	C:\Program Files\MATLAB\R2007a\bin\win32\mtok.dll
0x78c10000 - 0x78db7000 	C:\Program Files\MATLAB\R2007a\bin\win32\m_parser.dll
0x78dc0000 - 0x78df1000 	C:\Program Files\MATLAB\R2007a\bin\win32\m_ir.dll
0x78e40000 - 0x78e4c000 	C:\Program Files\MATLAB\R2007a\bin\win32\ir_xfmr.dll
0x00de0000 - 0x00e10000 	C:\Program Files\MATLAB\R2007a\bin\win32\profiler.dll
0x78590000 - 0x785ac000 	C:\Program Files\MATLAB\R2007a\bin\win32\libmat.dll
0x00e30000 - 0x00ef8000 	C:\Program Files\MATLAB\R2007a\bin\win32\libhdf5.dll
0x78e00000 - 0x78e15000 	C:\Program Files\MATLAB\R2007a\bin\win32\m_pcodegen.dll
0x7a020000 - 0x7a038000 	C:\Program Files\MATLAB\R2007a\bin\win32\bridge.dll
0x00f20000 - 0x00f2f000 	C:\Program Files\MATLAB\R2007a\bin\win32\iqm.dll
0x79f80000 - 0x79fca000 	C:\Program Files\MATLAB\R2007a\bin\win32\comcli.dll
0x770d0000 - 0x7715b000 	C:\WINDOWS\system32\OLEAUT32.dll
0x79f40000 - 0x79f77000 	C:\Program Files\MATLAB\R2007a\bin\win32\jmi.dll
0x71a00000 - 0x71a0b000 	C:\WINDOWS\system32\WSOCK32.dll
0x791b0000 - 0x79231000 	C:\Program Files\MATLAB\R2007a\bin\win32\uiw.dll
0x79240000 - 0x79273000 	C:\Program Files\MATLAB\R2007a\bin\win32\libuij.dll
0x79510000 - 0x7953c000 	C:\Program Files\MATLAB\R2007a\bin\win32\libmwhardcopy.dll
0x79280000 - 0x79289000 	C:\Program Files\MATLAB\R2007a\bin\win32\uinone.dll
0x00fa0000 - 0x010af000 	C:\WINDOWS\WinSxS\x86_Microsoft.VC80.MFC_1fc8b3b9a1e18e3b_8.0.50727.5592_x-ww_e87e0bcd\MFC80.DLL
0x72f50000 - 0x72f76000 	C:\WINDOWS\system32\WINSPOOL.DRV
0x7c630000 - 0x7c64b000 	C:\WINDOWS\WinSxS\x86_Microsoft.VC80.ATL_1fc8b3b9a1e18e3b_8.0.50727.5592_x-ww_7837863c\ATL80.DLL
0x79ec0000 - 0x79ed4000 	C:\Program Files\MATLAB\R2007a\bin\win32\mwoles05.DLL
0x79ee0000 - 0x79f3b000 	C:\Program Files\MATLAB\R2007a\bin\win32\udd_mi.dll
0x79fd0000 - 0x79fdb000 	C:\Program Files\MATLAB\R2007a\bin\win32\mlautoregister.dll
0x79360000 - 0x794c3000 	C:\Program Files\MATLAB\R2007a\bin\win32\hg.dll
0x79580000 - 0x79725000 	C:\Program Files\MATLAB\R2007a\bin\win32\numerics.dll
0x79dd0000 - 0x79dd7000 	C:\Program Files\MATLAB\R2007a\bin\win32\libmwamd.dll
0x79de0000 - 0x79e38000 	C:\Program Files\MATLAB\R2007a\bin\win32\libmwcholmod.dll
0x79e40000 - 0x79e47000 	C:\Program Files\MATLAB\R2007a\bin\win32\libmwcolamd.dll
0x797a0000 - 0x797c3000 	C:\Program Files\MATLAB\R2007a\bin\win32\libmwlapack.dll
0x79810000 - 0x79897000 	C:\Program Files\MATLAB\R2007a\bin\win32\libfftw3.dll
0x798a0000 - 0x7993b000 	C:\Program Files\MATLAB\R2007a\bin\win32\libfftw3f.dll
0x79e50000 - 0x79ebc000 	C:\Program Files\MATLAB\R2007a\bin\win32\libmwumfpack.dll
0x762e0000 - 0x762fd000 	C:\WINDOWS\system32\IMM32.DLL
0x62340000 - 0x62349000 	C:\WINDOWS\system32\LPK.DLL
0x73f80000 - 0x73feb000 	C:\WINDOWS\system32\USP10.dll
0x77160000 - 0x77263000 	C:\WINDOWS\WinSxS\x86_Microsoft.Windows.Common-Controls_6595b64144ccf1df_6.0.2600.6028_x-ww_61e65202\comctl32.dll
0x7bdf0000 - 0x7be25000 	C:\Program Files\MATLAB\R2007a\bin\win32\libguide40.dll
0x797d0000 - 0x797f8000 	C:\Program Files\MATLAB\R2007a\bin\win32\mkl.dll
0x79800000 - 0x79805000 	C:\Program Files\MATLAB\R2007a\bin\win32\mklcompat.dll
0x79940000 - 0x79dc3000 	C:\Program Files\MATLAB\R2007a\bin\win32\mllapack.dll
0x02510000 - 0x025ba000 	C:\Program Files\MATLAB\R2007a\bin\win32\libifcoremd.dll
0x025c0000 - 0x027f0000 	C:\Program Files\MATLAB\R2007a\bin\win32\libmmd.dll
0x5a480000 - 0x5a4b8000 	C:\WINDOWS\system32\uxtheme.dll
0x74660000 - 0x746ac000 	C:\WINDOWS\system32\MSCTF.dll
0x61000000 - 0x610b5000 	C:\Program Files\Fasoo DRM\f_sps.dll
0x77bb0000 - 0x77bb8000 	C:\WINDOWS\system32\VERSION.dll
0x029a0000 - 0x02a16000 	C:\WINDOWS\system32\f_crypto.dll
0x02a30000 - 0x02a4f000 	C:\WINDOWS\system32\f_pbrc12.dll
0x76d90000 - 0x76db2000 	C:\WINDOWS\system32\apphelp.dll
0x75110000 - 0x7513e000 	C:\WINDOWS\system32\msctfime.ime
0x3a700000 - 0x3a769000 	C:\WINDOWS\system32\IMKR12.IME
0x741d0000 - 0x741d4000 	C:\WINDOWS\system32\icmp.Dll
0x76d10000 - 0x76d29000 	C:\WINDOWS\system32\iphlpapi.dll
0x6d6c0000 - 0x6d857000 	C:\Program Files\MATLAB\R2007a\sys\java\jre\win32\jre1.5.0_07\bin\client\jvm.dll
0x76af0000 - 0x76b1b000 	C:\WINDOWS\system32\WINMM.dll
0x03e20000 - 0x03e30000 	C:\Program Files\NATEON\BIN\NateOnHook40u.dll
0x6d280000 - 0x6d288000 	C:\Program Files\MATLAB\R2007a\sys\java\jre\win32\jre1.5.0_07\bin\hpi.dll
0x76ba0000 - 0x76bab000 	C:\WINDOWS\system32\PSAPI.DLL
0x6d690000 - 0x6d69c000 	C:\Program Files\MATLAB\R2007a\sys\java\jre\win32\jre1.5.0_07\bin\verify.dll
0x6d300000 - 0x6d31d000 	C:\Program Files\MATLAB\R2007a\sys\java\jre\win32\jre1.5.0_07\bin\java.dll
0x6d6b0000 - 0x6d6bf000 	C:\Program Files\MATLAB\R2007a\sys\java\jre\win32\jre1.5.0_07\bin\zip.dll
0x6d000000 - 0x6d167000 	C:\Program Files\MATLAB\R2007a\sys\java\jre\win32\jre1.5.0_07\bin\awt.dll
0x7b330000 - 0x7b342000 	C:\Program Files\MATLAB\R2007a\bin\win32\nativejava.dll
0x0f340000 - 0x0f353000 	C:\Program Files\MATLAB\R2007a\bin\win32\nativejmi.dll
0x0f3f0000 - 0x0f3f6000 	C:\Program Files\MATLAB\R2007a\bin\win32\nativeservices.dll
0x6d240000 - 0x6d27f000 	C:\Program Files\MATLAB\R2007a\sys\java\jre\win32\jre1.5.0_07\bin\fontmanager.dll
0x6d4c0000 - 0x6d4d3000 	C:\Program Files\MATLAB\R2007a\sys\java\jre\win32\jre1.5.0_07\bin\net.dll
0x6d4e0000 - 0x6d4e9000 	C:\Program Files\MATLAB\R2007a\sys\java\jre\win32\jre1.5.0_07\bin\nio.dll
0x7b350000 - 0x7b356000 	C:\Program Files\MATLAB\R2007a\bin\win32\nativelex.dll
0x0f730000 - 0x0f73c000 	C:\Program Files\MATLAB\R2007a\bin\win32\nativecmdwin.dll
0x0f850000 - 0x0f857000 	C:\Program Files\MATLAB\R2007a\bin\win32\nativemlint.dll
0x0f870000 - 0x0f8a4000 	C:\Program Files\MATLAB\R2007a\bin\win32\mlint.dll
0x6d1c0000 - 0x6d1e3000 	C:\Program Files\MATLAB\R2007a\sys\java\jre\win32\jre1.5.0_07\bin\dcpr.dll
0x6a900000 - 0x6a9a2000 	C:\WINDOWS\System32\spool\DRIVERS\W32X86\3\fxxznziu.dll
0x0ff20000 - 0x0ff31000 	C:\WINDOWS\System32\spool\DRIVERS\W32X86\3\fxxznjdm.dll
0x10010000 - 0x10901000 	C:\WINDOWS\System32\spool\DRIVERS\W32X86\3\fxxznzir.xrs
0x79090000 - 0x791a3000 	C:\Program Files\MATLAB\R2007a\bin\win32\libmwbuiltins.dll
0x76f80000 - 0x76fff000 	C:\WINDOWS\system32\CLBCATQ.DLL
0x77000000 - 0x770a7000 	C:\WINDOWS\system32\COMRes.dll
0x661d0000 - 0x663ef000 	C:\Program Files\Microsoft Office\Office12\GrooveShellExtensions.dll
0x68ef0000 - 0x68fe2000 	C:\Program Files\Microsoft Office\Office12\GrooveUtil.DLL
0x3f230000 - 0x3f316000 	C:\WINDOWS\system32\WININET.dll
0x0fa70000 - 0x0fa79000 	C:\WINDOWS\system32\Normaliz.dll
0x43f20000 - 0x44053000 	C:\WINDOWS\system32\urlmon.dll
0x3f8d0000 - 0x3fab9000 	C:\WINDOWS\system32\iertutil.dll
0x765c0000 - 0x76654000 	C:\WINDOWS\system32\CRYPT32.dll

VM Arguments:
jvm_args: -Xss512k -XX:PermSize=32M -Xms64m -XX:NewRatio=3 -XX:MaxPermSize=32M -Xmx96m -Dsun.java2d.noddraw=true -Dsun.awt.nopixfmt=true -Xshare:off -Djava.library.path=C:\Program Files\MATLAB\R2007a\bin\win32 vfprintf abort
java_command: <unknown>
Launcher Type: generic

Environment Variables:
CLASSPATH=.;C:\Program Files\QuickTime\QTSystem\QTJava.zip
PATH=C:\WINDOWS\system32;C:\WINDOWS;C:\WINDOWS\system32\wbem;c:\program files\ati technologies\ati.ace\core-static;c:\program files\matlab\r2010a\bin;c:\windows\microsoft.net\framework\v2.0.50727;C:\Program Files\MATLAB\R2007a\bin;C:\Program Files\MATLAB\R2007a\bin\win32;C:\Program Files\QuickTime\QTSystem\;C:\SIMULIA\Abaqus\Commands
USERNAME=Hyoung Min
OS=Windows_NT
PROCESSOR_IDENTIFIER=x86 Family 6 Model 15 Stepping 11, GenuineIntel



---------------  S Y S T E M  ---------------

OS: Windows XP Build 2600 Service Pack 3

CPU:total 4 family 6, cmov, cx8, fxsr, mmx, sse, sse2, ht

Memory: 4k page, physical 2096364k(1167896k free), swap 4038380k(3156176k free)

vm_info: Java HotSpot(TM) Client VM (1.5.0_07-b03) for windows-x86, built on May  3 2006 01:04:38 by "java_re" with MS VC++ 6.0

